<?xml version="1.0" encoding="UTF-8"?>
<testng-results ignored="1" total="5" passed="3" failed="1" skipped="0">
  <reporter-output>
  </reporter-output>
  <suite started-at="2024-11-18T15:16:38 PST" name="Suite" finished-at="2024-11-18T15:17:57 PST" duration-ms="78256">
    <groups>
    </groups>
    <test started-at="2024-11-18T15:16:38 PST" name="Test Youtube Website" finished-at="2024-11-18T15:17:57 PST" duration-ms="78256">
      <class name="Actions.TestActions">
        <test-method is-config="true" signature="reporter()[pri:0, instance:Actions.TestActions@6150c3ec]" started-at="2024-11-18T15:16:38 PST" name="reporter" finished-at="2024-11-18T15:16:39 PST" duration-ms="163" status="PASS">
          <reporter-output>
          </reporter-output>
        </test-method> <!-- reporter -->
        <test-method is-config="true" signature="createtest(org.testng.ITestResult)[pri:0, instance:Actions.TestActions@6150c3ec]" started-at="2024-11-18T15:16:39 PST" name="createtest" finished-at="2024-11-18T15:16:39 PST" duration-ms="4" status="PASS">
          <params>
            <param index="0">
              <value>
                <![CDATA[[TestResult name={null} status=CREATED method=TestActions.initiate()[pri:0, instance:Actions.TestActions@6150c3ec] output={null}]]]>
              </value>
            </param>
          </params>
          <reporter-output>
          </reporter-output>
        </test-method> <!-- createtest -->
        <test-method signature="initiate()[pri:0, instance:Actions.TestActions@6150c3ec]" started-at="2024-11-18T15:16:39 PST" name="initiate" finished-at="2024-11-18T15:16:44 PST" duration-ms="5019" status="PASS">
          <reporter-output>
          </reporter-output>
        </test-method> <!-- initiate -->
        <test-method is-config="true" signature="initiatereport()[pri:0, instance:Actions.TestActions@6150c3ec]" started-at="2024-11-18T15:16:44 PST" name="initiatereport" finished-at="2024-11-18T15:16:44 PST" duration-ms="189" status="PASS">
          <reporter-output>
          </reporter-output>
        </test-method> <!-- initiatereport -->
        <test-method is-config="true" signature="createtest(org.testng.ITestResult)[pri:0, instance:Actions.TestActions@6150c3ec]" started-at="2024-11-18T15:16:44 PST" name="createtest" finished-at="2024-11-18T15:16:44 PST" duration-ms="0" status="PASS">
          <params>
            <param index="0">
              <value>
                <![CDATA[[TestResult name={null} status=CREATED method=TestActions.verifylinks()[pri:0, instance:Actions.TestActions@6150c3ec] output={null}]]]>
              </value>
            </param>
          </params>
          <reporter-output>
          </reporter-output>
        </test-method> <!-- createtest -->
        <test-method signature="verifylinks()[pri:0, instance:Actions.TestActions@6150c3ec]" started-at="2024-11-18T15:16:44 PST" name="verifylinks" finished-at="2024-11-18T15:16:54 PST" duration-ms="10145" status="PASS">
          <reporter-output>
          </reporter-output>
        </test-method> <!-- verifylinks -->
        <test-method is-config="true" signature="initiatereport()[pri:0, instance:Actions.TestActions@6150c3ec]" started-at="2024-11-18T15:16:54 PST" name="initiatereport" finished-at="2024-11-18T15:16:54 PST" duration-ms="17" status="PASS">
          <reporter-output>
          </reporter-output>
        </test-method> <!-- initiatereport -->
        <test-method signature="verifyloginbutton()[pri:0, instance:Actions.TestActions@6150c3ec]" started-at="2024-11-18T15:16:54 PST" name="verifyloginbutton" finished-at="2024-11-18T15:16:54 PST" duration-ms="24" status="PASS">
          <reporter-output>
          </reporter-output>
        </test-method> <!-- verifyloginbutton -->
        <test-method is-config="true" signature="createtest(org.testng.ITestResult)[pri:0, instance:Actions.TestActions@6150c3ec]" started-at="2024-11-18T15:16:54 PST" name="createtest" finished-at="2024-11-18T15:16:54 PST" duration-ms="0" status="PASS">
          <params>
            <param index="0">
              <value>
                <![CDATA[[TestResult name={null} status=CREATED method=TestActions.verifyloginbutton()[pri:0, instance:Actions.TestActions@6150c3ec] output={null}]]]>
              </value>
            </param>
          </params>
          <reporter-output>
          </reporter-output>
        </test-method> <!-- createtest -->
        <test-method is-config="true" signature="initiatereport()[pri:0, instance:Actions.TestActions@6150c3ec]" started-at="2024-11-18T15:16:54 PST" name="initiatereport" finished-at="2024-11-18T15:16:54 PST" duration-ms="7" status="PASS">
          <reporter-output>
          </reporter-output>
        </test-method> <!-- initiatereport -->
        <test-method is-config="true" signature="createtest(org.testng.ITestResult)[pri:0, instance:Actions.TestActions@6150c3ec]" started-at="2024-11-18T15:16:54 PST" name="createtest" finished-at="2024-11-18T15:16:54 PST" duration-ms="0" status="PASS">
          <params>
            <param index="0">
              <value>
                <![CDATA[[TestResult name={null} status=CREATED method=TestActions.clickalllinks()[pri:0, instance:Actions.TestActions@6150c3ec] output={null}]]]>
              </value>
            </param>
          </params>
          <reporter-output>
          </reporter-output>
        </test-method> <!-- createtest -->
        <test-method signature="clickalllinks()[pri:0, instance:Actions.TestActions@6150c3ec]" started-at="2024-11-18T15:16:54 PST" name="clickalllinks" finished-at="2024-11-18T15:17:57 PST" duration-ms="62646" status="FAIL">
          <exception class="org.openqa.selenium.StaleElementReferenceException">
            <message>
              <![CDATA[stale element reference: stale element not found
  (Session info: MicrosoftEdge=131.0.2903.51)
For documentation on this error, please visit: https://www.selenium.dev/documentation/webdriver/troubleshooting/errors#stale-element-reference-exception
Build info: version: '4.26.0', revision: '8ccf0219d7'
System info: os.name: 'Windows 11', os.arch: 'amd64', os.version: '10.0', java.version: '22.0.2'
Driver info: org.openqa.selenium.edge.EdgeDriver
Command: [f32da36fb0ff1a20235ca7a4b378ed7b, isElementDisplayed {id=f.6C4D4D1A35BA12EFD3E490A187F0C68D.d.D59B9B21B6BA9CCCE9DD8744C04157F3.e.45}]
Capabilities {acceptInsecureCerts: false, browserName: MicrosoftEdge, browserVersion: 131.0.2903.51, fedcm:accounts: true, ms:edgeOptions: {debuggerAddress: localhost:57003}, msedge: {msedgedriverVersion: 131.0.2903.51 (e8c8535333b9..., userDataDir: C:\Users\IVANDA~1\AppData\L...}, networkConnectionEnabled: false, pageLoadStrategy: normal, platformName: windows, proxy: Proxy(), se:cdp: ws://localhost:57003/devtoo..., se:cdpVersion: 131.0.2903.51, setWindowRect: true, strictFileInteractability: false, timeouts: {implicit: 0, pageLoad: 300000, script: 30000}, unhandledPromptBehavior: dismiss and notify, webauthn:extension:credBlob: true, webauthn:extension:largeBlob: true, webauthn:extension:minPinLength: true, webauthn:extension:prf: true, webauthn:virtualAuthenticators: true}
Element: [[EdgeDriver: MicrosoftEdge on windows (f32da36fb0ff1a20235ca7a4b378ed7b)] -> xpath: (//a[contains(@title, 'Discover') and text() = 'Discover'])[1]]
Session ID: f32da36fb0ff1a20235ca7a4b378ed7b]]>
            </message>
            <full-stacktrace>
              <![CDATA[org.openqa.selenium.StaleElementReferenceException: stale element reference: stale element not found
  (Session info: MicrosoftEdge=131.0.2903.51)
For documentation on this error, please visit: https://www.selenium.dev/documentation/webdriver/troubleshooting/errors#stale-element-reference-exception
Build info: version: '4.26.0', revision: '8ccf0219d7'
System info: os.name: 'Windows 11', os.arch: 'amd64', os.version: '10.0', java.version: '22.0.2'
Driver info: org.openqa.selenium.edge.EdgeDriver
Command: [f32da36fb0ff1a20235ca7a4b378ed7b, isElementDisplayed {id=f.6C4D4D1A35BA12EFD3E490A187F0C68D.d.D59B9B21B6BA9CCCE9DD8744C04157F3.e.45}]
Capabilities {acceptInsecureCerts: false, browserName: MicrosoftEdge, browserVersion: 131.0.2903.51, fedcm:accounts: true, ms:edgeOptions: {debuggerAddress: localhost:57003}, msedge: {msedgedriverVersion: 131.0.2903.51 (e8c8535333b9..., userDataDir: C:\Users\IVANDA~1\AppData\L...}, networkConnectionEnabled: false, pageLoadStrategy: normal, platformName: windows, proxy: Proxy(), se:cdp: ws://localhost:57003/devtoo..., se:cdpVersion: 131.0.2903.51, setWindowRect: true, strictFileInteractability: false, timeouts: {implicit: 0, pageLoad: 300000, script: 30000}, unhandledPromptBehavior: dismiss and notify, webauthn:extension:credBlob: true, webauthn:extension:largeBlob: true, webauthn:extension:minPinLength: true, webauthn:extension:prf: true, webauthn:virtualAuthenticators: true}
Element: [[EdgeDriver: MicrosoftEdge on windows (f32da36fb0ff1a20235ca7a4b378ed7b)] -> xpath: (//a[contains(@title, 'Discover') and text() = 'Discover'])[1]]
Session ID: f32da36fb0ff1a20235ca7a4b378ed7b
at java.base/jdk.internal.reflect.DirectConstructorHandleAccessor.newInstance(DirectConstructorHandleAccessor.java:62)
at java.base/java.lang.reflect.Constructor.newInstanceWithCaller(Constructor.java:502)
at java.base/java.lang.reflect.Constructor.newInstance(Constructor.java:486)
at org.openqa.selenium.remote.ErrorCodec.decode(ErrorCodec.java:167)
at org.openqa.selenium.remote.codec.w3c.W3CHttpResponseCodec.decode(W3CHttpResponseCodec.java:138)
at org.openqa.selenium.remote.codec.w3c.W3CHttpResponseCodec.decode(W3CHttpResponseCodec.java:50)
at org.openqa.selenium.remote.HttpCommandExecutor.execute(HttpCommandExecutor.java:190)
at org.openqa.selenium.remote.service.DriverCommandExecutor.invokeExecute(DriverCommandExecutor.java:216)
at org.openqa.selenium.remote.service.DriverCommandExecutor.execute(DriverCommandExecutor.java:174)
at org.openqa.selenium.remote.RemoteWebDriver.execute(RemoteWebDriver.java:545)
at org.openqa.selenium.remote.RemoteWebElement.execute(RemoteWebElement.java:223)
at org.openqa.selenium.remote.RemoteWebElement.isDisplayed(RemoteWebElement.java:282)
at SeleniumActions.ElementActions.clickbyjava(ElementActions.java:110)
at Actions.TestActions.clickalllinks(TestActions.java:100)
at java.base/jdk.internal.reflect.DirectMethodHandleAccessor.invoke(DirectMethodHandleAccessor.java:103)
at java.base/java.lang.reflect.Method.invoke(Method.java:580)
at org.testng.internal.MethodInvocationHelper.invokeMethod(MethodInvocationHelper.java:133)
at org.testng.internal.TestInvoker.invokeMethod(TestInvoker.java:598)
at org.testng.internal.TestInvoker.invokeTestMethod(TestInvoker.java:173)
at org.testng.internal.MethodRunner.runInSequence(MethodRunner.java:46)
at org.testng.internal.TestInvoker$MethodInvocationAgent.invoke(TestInvoker.java:824)
at org.testng.internal.TestInvoker.invokeTestMethods(TestInvoker.java:146)
at org.testng.internal.TestMethodWorker.invokeTestMethods(TestMethodWorker.java:146)
at org.testng.internal.TestMethodWorker.run(TestMethodWorker.java:128)
at java.base/java.util.ArrayList.forEach(ArrayList.java:1597)
at org.testng.TestRunner.privateRun(TestRunner.java:794)
at org.testng.TestRunner.run(TestRunner.java:596)
at org.testng.SuiteRunner.runTest(SuiteRunner.java:377)
at org.testng.SuiteRunner.runSequentially(SuiteRunner.java:371)
at org.testng.SuiteRunner.privateRun(SuiteRunner.java:332)
at org.testng.SuiteRunner.run(SuiteRunner.java:276)
at org.testng.SuiteRunnerWorker.runSuite(SuiteRunnerWorker.java:53)
at org.testng.SuiteRunnerWorker.run(SuiteRunnerWorker.java:96)
at org.testng.TestNG.runSuitesSequentially(TestNG.java:1212)
at org.testng.TestNG.runSuitesLocally(TestNG.java:1134)
at org.testng.TestNG.runSuites(TestNG.java:1063)
at org.testng.TestNG.run(TestNG.java:1031)
at org.testng.remote.AbstractRemoteTestNG.run(AbstractRemoteTestNG.java:115)
at org.testng.remote.RemoteTestNG.initAndRun(RemoteTestNG.java:293)
at org.testng.remote.RemoteTestNG.main(RemoteTestNG.java:91)
]]>
            </full-stacktrace>
          </exception> <!-- org.openqa.selenium.StaleElementReferenceException -->
          <reporter-output>
          </reporter-output>
        </test-method> <!-- clickalllinks -->
        <test-method is-config="true" signature="initiatereport()[pri:0, instance:Actions.TestActions@6150c3ec]" started-at="2024-11-18T15:17:57 PST" name="initiatereport" finished-at="2024-11-18T15:17:57 PST" duration-ms="17" status="PASS">
          <reporter-output>
          </reporter-output>
        </test-method> <!-- initiatereport -->
      </class> <!-- Actions.TestActions -->
    </test> <!-- Test Youtube Website -->
  </suite> <!-- Suite -->
</testng-results>
